app/build/intermediates/manifest_merge_blame_file/debug/manifest-merger-blame-debug-report.txt
1<?xml version="1.0" encoding="utf-8"?>
2<manifest xmlns:android="http://schemas.android.com/apk/res/android"
3    package="com.pinkcar.providers"
4    android:versionCode="1"
5    android:versionName="1.0.0.0" >
6
7    <uses-sdk
8        android:minSdkVersion="21"
8-->src\main\AndroidManifest.xml
9        android:targetSdkVersion="30" />
9-->src\main\AndroidManifest.xml
10
11    <uses-permission android:name="android.permission.INTERNET" />
11-->src\main\AndroidManifest.xml:6:5-67
11-->src\main\AndroidManifest.xml:6:22-64
12    <uses-permission android:name="android.permission.ACCESS_NETWORK_STATE" />
12-->src\main\AndroidManifest.xml:7:5-79
12-->src\main\AndroidManifest.xml:7:22-76
13    <uses-permission android:name="android.permission.WRITE_EXTERNAL_STORAGE" />
13-->src\main\AndroidManifest.xml:8:5-81
13-->src\main\AndroidManifest.xml:8:22-78
14    <uses-permission android:name="android.permission.READ_EXTERNAL_STORAGE" />
14-->src\main\AndroidManifest.xml:9:5-80
14-->src\main\AndroidManifest.xml:9:22-77
15    <uses-permission android:name="android.permission.ACCESS_COARSE_LOCATION" />
15-->src\main\AndroidManifest.xml:11:5-81
15-->src\main\AndroidManifest.xml:11:22-78
16    <uses-permission android:name="android.permission.ACCESS_FINE_LOCATION" />
16-->src\main\AndroidManifest.xml:12:5-79
16-->src\main\AndroidManifest.xml:12:22-76
17    <uses-permission android:name="android.permission.CALL_PHONE" />
17-->src\main\AndroidManifest.xml:13:5-69
17-->src\main\AndroidManifest.xml:13:22-66
18    <uses-permission android:name="android.permission.CAMERA" />
18-->src\main\AndroidManifest.xml:14:5-65
18-->src\main\AndroidManifest.xml:14:22-62
19    <uses-permission android:name="android.permission.ACCESS_WIFI_STATE" />
19-->src\main\AndroidManifest.xml:15:5-76
19-->src\main\AndroidManifest.xml:15:22-73
20    <uses-permission android:name="android.permission.CHANGE_WIFI_MULTICAST_STATE" />
20-->src\main\AndroidManifest.xml:16:5-86
20-->src\main\AndroidManifest.xml:16:22-83
21    <uses-permission android:name="android.permission.GET_ACCOUNTS" />
21-->src\main\AndroidManifest.xml:17:5-71
21-->src\main\AndroidManifest.xml:17:22-68
22    <uses-permission android:name="android.permission.USE_CREDENTIALS" />
22-->src\main\AndroidManifest.xml:18:5-74
22-->src\main\AndroidManifest.xml:18:22-71
23    <uses-permission android:name="android.permission.READ_PHONE_STATE" />
23-->src\main\AndroidManifest.xml:19:5-75
23-->src\main\AndroidManifest.xml:19:22-72
24    <uses-permission android:name="android.permission.FOREGROUND_SERVICE" />
24-->src\main\AndroidManifest.xml:20:5-77
24-->src\main\AndroidManifest.xml:20:22-74
25    <uses-permission android:name="android.permission.WAKE_LOCK" />
25-->src\main\AndroidManifest.xml:21:5-68
25-->src\main\AndroidManifest.xml:21:22-65
26
27    <uses-feature android:name="android.hardware.camera" />
27-->src\main\AndroidManifest.xml:23:5-60
27-->src\main\AndroidManifest.xml:23:19-57
28
29    <uses-permission android:name="android.permission.VIBRATE" />
29-->[com.github.citux:datetimepicker:0.3.0] AndroidManifest.xml:24:5-66
29-->[com.github.citux:datetimepicker:0.3.0] AndroidManifest.xml:24:22-63
30
31    <uses-feature
31-->[com.google.android.gms:play-services-maps:17.0.1] AndroidManifest.xml:26:5-28:35
32        android:glEsVersion="0x00020000"
32-->[com.google.android.gms:play-services-maps:17.0.1] AndroidManifest.xml:27:9-41
33        android:required="true" />
33-->[com.google.android.gms:play-services-maps:17.0.1] AndroidManifest.xml:28:9-32
34
35    <queries>
35-->[com.google.android.gms:play-services-maps:17.0.1] AndroidManifest.xml:30:5-34:15
36
37        <!-- Needs to be explicitly declared on Android R+ -->
38        <package android:name="com.google.android.apps.maps" />
38-->[com.google.android.gms:play-services-maps:17.0.1] AndroidManifest.xml:33:9-64
38-->[com.google.android.gms:play-services-maps:17.0.1] AndroidManifest.xml:33:18-61
39    </queries> <!-- Required by older versions of Google Play services to create GCM registration tokens -->
40    <uses-permission android:name="com.google.android.c2dm.permission.RECEIVE" />
40-->[com.google.android.gms:play-services-gcm:17.0.0] AndroidManifest.xml:23:5-82
40-->[com.google.android.gms:play-services-gcm:17.0.0] AndroidManifest.xml:23:22-79
41    <uses-permission android:name="com.google.android.finsky.permission.BIND_GET_INSTALL_REFERRER_SERVICE" />
41-->[com.google.android.gms:play-services-measurement:19.0.0] AndroidManifest.xml:26:5-110
41-->[com.google.android.gms:play-services-measurement:19.0.0] AndroidManifest.xml:26:22-107
42
43    <application
43-->src\main\AndroidManifest.xml:25:5-280:19
44        android:name="com.pinkcar.providers.ClassLuxApp"
44-->src\main\AndroidManifest.xml:26:9-57
45        android:allowBackup="false"
45-->src\main\AndroidManifest.xml:27:9-36
46        android:appComponentFactory="androidx.core.app.CoreComponentFactory"
46-->[androidx.core:core:1.5.0] AndroidManifest.xml:24:18-86
47        android:autoMirrored="true"
47-->src\main\AndroidManifest.xml:29:9-36
48        android:debuggable="true"
49        android:fullBackupContent="false"
49-->src\main\AndroidManifest.xml:28:9-42
50        android:hardwareAccelerated="true"
50-->src\main\AndroidManifest.xml:30:9-43
51        android:icon="@mipmap/ic_launcher"
51-->src\main\AndroidManifest.xml:31:9-43
52        android:label="@string/app_name"
52-->src\main\AndroidManifest.xml:32:9-41
53        android:largeHeap="true"
53-->src\main\AndroidManifest.xml:33:9-33
54        android:networkSecurityConfig="@xml/network_security_config"
54-->src\main\AndroidManifest.xml:34:9-69
55        android:supportsRtl="true"
55-->src\main\AndroidManifest.xml:35:9-35
56        android:testOnly="true"
57        android:theme="@style/AppTheme" >
57-->src\main\AndroidManifest.xml:36:9-40
58        <activity
58-->src\main\AndroidManifest.xml:40:9-44:59
59            android:name="com.pinkcar.providers.ui.activities.login.IntroActivity"
59-->src\main\AndroidManifest.xml:41:13-62
60            android:configChanges="locale|orientation"
60-->src\main\AndroidManifest.xml:42:13-55
61            android:screenOrientation="portrait"
61-->src\main\AndroidManifest.xml:43:13-49
62            android:theme="@style/AppTheme.NoActionBar" />
62-->src\main\AndroidManifest.xml:44:13-56
63        <activity
63-->src\main\AndroidManifest.xml:46:9-49:78
64            android:name="com.pinkcar.providers.ui.activities.login.FaceBookLoginActivity"
64-->src\main\AndroidManifest.xml:47:13-91
65            android:screenOrientation="portrait"
65-->src\main\AndroidManifest.xml:48:13-49
66            android:theme="@style/Theme.AppCompat.Transparent.NoActionBar" />
66-->src\main\AndroidManifest.xml:49:13-75
67        <activity
67-->src\main\AndroidManifest.xml:50:9-53:78
68            android:name="com.pinkcar.providers.ui.activities.login.GoogleLoginActivity"
68-->src\main\AndroidManifest.xml:51:13-89
69            android:screenOrientation="portrait"
69-->src\main\AndroidManifest.xml:52:13-49
70            android:theme="@style/Theme.AppCompat.Transparent.NoActionBar" />
70-->src\main\AndroidManifest.xml:53:13-75
71        <activity
71-->src\main\AndroidManifest.xml:55:9-64:20
72            android:name="com.pinkcar.providers.ui.activities.NotificationTab"
72-->src\main\AndroidManifest.xml:56:13-79
73            android:configChanges="orientation|keyboardHidden|screenSize"
73-->src\main\AndroidManifest.xml:57:13-74
74            android:theme="@style/AppTheme.NoActionBar" >
74-->src\main\AndroidManifest.xml:58:13-56
75            <intent-filter>
75-->src\main\AndroidManifest.xml:59:13-63:29
76                <action android:name="com.quickridejadriver.providers.TARGETNOTIFICATION" />
76-->src\main\AndroidManifest.xml:60:17-93
76-->src\main\AndroidManifest.xml:60:25-90
77
78                <category android:name="android.intent.category.DEFAULT" />
78-->src\main\AndroidManifest.xml:62:17-76
78-->src\main\AndroidManifest.xml:62:27-73
79            </intent-filter>
80        </activity>
81        <activity android:name="com.pinkcar.providers.ui.activities.DocUploadActivity" />
81-->src\main\AndroidManifest.xml:65:9-90
81-->src\main\AndroidManifest.xml:65:19-87
82
83        <uses-library
83-->src\main\AndroidManifest.xml:67:9-69:40
84            android:name="org.apache.http.legacy"
84-->src\main\AndroidManifest.xml:68:13-50
85            android:required="false" />
85-->src\main\AndroidManifest.xml:69:13-37
86
87        <activity
87-->src\main\AndroidManifest.xml:71:9-74:59
88            android:name="com.pinkcar.providers.ui.activities.WithdrawActivity"
88-->src\main\AndroidManifest.xml:72:13-80
89            android:theme="@style/AppTheme.NoActionBar" />
89-->src\main\AndroidManifest.xml:74:13-56
90        <activity
90-->src\main\AndroidManifest.xml:75:9-78:59
91            android:name="com.pinkcar.providers.ui.activities.OtpVerification"
91-->src\main\AndroidManifest.xml:76:13-79
92            android:theme="@style/AppTheme.NoActionBar" />
92-->src\main\AndroidManifest.xml:78:13-56
93        <activity
93-->src\main\AndroidManifest.xml:79:9-83:67
94            android:name="com.pinkcar.providers.ui.activities.WithdrawAmountActivity"
94-->src\main\AndroidManifest.xml:80:13-86
95            android:screenOrientation="portrait"
95-->src\main\AndroidManifest.xml:81:13-49
96            android:theme="@style/AppTheme.NoActionBar"
96-->src\main\AndroidManifest.xml:82:13-56
97            android:windowSoftInputMode="stateHidden|adjustPan" />
97-->src\main\AndroidManifest.xml:83:13-64
98        <activity android:name="com.pinkcar.providers.ui.activities.DocumentStatus" />
98-->src\main\AndroidManifest.xml:84:9-87
98-->src\main\AndroidManifest.xml:84:19-84
99        <activity
99-->src\main\AndroidManifest.xml:85:9-93:20
100            android:name="com.pinkcar.providers.ui.activities.SplashScreen"
100-->src\main\AndroidManifest.xml:86:13-76
101            android:theme="@style/AppTheme.NoActionBar" >
101-->src\main\AndroidManifest.xml:87:13-56
102            <intent-filter>
102-->src\main\AndroidManifest.xml:88:13-92:29
103                <action android:name="android.intent.action.MAIN" />
103-->src\main\AndroidManifest.xml:89:17-69
103-->src\main\AndroidManifest.xml:89:25-66
104
105                <category android:name="android.intent.category.LAUNCHER" />
105-->src\main\AndroidManifest.xml:91:17-77
105-->src\main\AndroidManifest.xml:91:27-74
106            </intent-filter>
107        </activity>
108        <activity
108-->src\main\AndroidManifest.xml:94:9-96:59
109            android:name="com.pinkcar.providers.Login"
109-->src\main\AndroidManifest.xml:95:13-34
110            android:theme="@style/AppTheme.NoActionBar" />
110-->src\main\AndroidManifest.xml:96:13-56
111        <activity
111-->src\main\AndroidManifest.xml:97:9-99:59
112            android:name="com.pinkcar.providers.ui.activities.FullImage"
112-->src\main\AndroidManifest.xml:98:13-73
113            android:theme="@style/AppTheme.NoActionBar" />
113-->src\main\AndroidManifest.xml:99:13-56
114        <activity
114-->src\main\AndroidManifest.xml:100:9-102:59
115            android:name="com.pinkcar.providers.ui.activities.login.SignUp"
115-->src\main\AndroidManifest.xml:101:13-76
116            android:theme="@style/AppTheme.NoActionBar" />
116-->src\main\AndroidManifest.xml:102:13-56
117        <activity
117-->src\main\AndroidManifest.xml:103:9-110:20
118            android:name="com.pinkcar.providers.chat.UserChatActivity"
118-->src\main\AndroidManifest.xml:104:13-71
119            android:screenOrientation="portrait"
119-->src\main\AndroidManifest.xml:106:13-49
120            android:theme="@style/AppTheme.NoActionBar"
120-->src\main\AndroidManifest.xml:107:13-56
121            android:windowSoftInputMode="adjustResize" >
121-->src\main\AndroidManifest.xml:108:13-55
122        </activity>
123        <activity
123-->src\main\AndroidManifest.xml:111:9-114:59
124            android:name="com.pinkcar.providers.ui.activities.UserReview"
124-->src\main\AndroidManifest.xml:112:13-74
125            android:screenOrientation="portrait"
125-->src\main\AndroidManifest.xml:113:13-49
126            android:theme="@style/AppTheme.NoActionBar" />
126-->src\main\AndroidManifest.xml:114:13-56
127        <activity
127-->src\main\AndroidManifest.xml:115:9-118:59
128            android:name="com.pinkcar.providers.ui.activities.login.ForgotPassword"
128-->src\main\AndroidManifest.xml:116:13-84
129            android:screenOrientation="portrait"
129-->src\main\AndroidManifest.xml:117:13-49
130            android:theme="@style/AppTheme.NoActionBar" />
130-->src\main\AndroidManifest.xml:118:13-56
131
132        <meta-data
132-->src\main\AndroidManifest.xml:120:9-122:54
133            android:name="com.google.android.geo.API_KEY"
133-->src\main\AndroidManifest.xml:121:13-58
134            android:value="@string/google_map_api" />
134-->src\main\AndroidManifest.xml:122:13-51
135
136        <activity
136-->src\main\AndroidManifest.xml:124:9-128:58
137            android:name="com.pinkcar.providers.ui.activities.MainActivity"
137-->src\main\AndroidManifest.xml:125:13-76
138            android:label="@string/app_name"
138-->src\main\AndroidManifest.xml:126:13-45
139            android:theme="@style/AppTheme.NoActionBar"
139-->src\main\AndroidManifest.xml:127:13-56
140            android:windowSoftInputMode="adjustResize" />
140-->src\main\AndroidManifest.xml:128:13-55
141        <activity
141-->src\main\AndroidManifest.xml:129:9-134:57
142            android:name="com.pinkcar.providers.ui.activities.EditProfile"
142-->src\main\AndroidManifest.xml:130:13-75
143            android:label="@string/app_name"
143-->src\main\AndroidManifest.xml:131:13-45
144            android:screenOrientation="portrait"
144-->src\main\AndroidManifest.xml:132:13-49
145            android:theme="@style/AppTheme.NoActionBar"
145-->src\main\AndroidManifest.xml:133:13-56
146            android:windowSoftInputMode="stateHidden" />
146-->src\main\AndroidManifest.xml:134:13-54
147        <activity
147-->src\main\AndroidManifest.xml:135:9-140:57
148            android:name="com.pinkcar.providers.ui.activities.ShowProfile"
148-->src\main\AndroidManifest.xml:136:13-75
149            android:label="@string/app_name"
149-->src\main\AndroidManifest.xml:137:13-45
150            android:screenOrientation="portrait"
150-->src\main\AndroidManifest.xml:138:13-49
151            android:theme="@style/AppTheme.NoActionBar"
151-->src\main\AndroidManifest.xml:139:13-56
152            android:windowSoftInputMode="stateHidden" />
152-->src\main\AndroidManifest.xml:140:13-54
153        <activity
153-->src\main\AndroidManifest.xml:141:9-146:58
154            android:name="com.pinkcar.providers.ui.activities.HistoryDetails"
154-->src\main\AndroidManifest.xml:142:13-78
155            android:label="@string/app_name"
155-->src\main\AndroidManifest.xml:143:13-45
156            android:screenOrientation="portrait"
156-->src\main\AndroidManifest.xml:144:13-49
157            android:theme="@style/AppTheme.NoActionBar"
157-->src\main\AndroidManifest.xml:145:13-56
158            android:windowSoftInputMode="adjustResize" />
158-->src\main\AndroidManifest.xml:146:13-55
159        <activity
159-->src\main\AndroidManifest.xml:147:9-150:52
160            android:name="com.pinkcar.providers.ui.activities.HistoryActivity"
160-->src\main\AndroidManifest.xml:148:13-79
161            android:label="History"
161-->src\main\AndroidManifest.xml:149:13-36
162            android:screenOrientation="portrait" />
162-->src\main\AndroidManifest.xml:150:13-49
163        <activity
163-->src\main\AndroidManifest.xml:151:9-154:57
164            android:name="com.pinkcar.providers.ui.activities.CouponActivity"
164-->src\main\AndroidManifest.xml:152:13-78
165            android:label="Coupon"
165-->src\main\AndroidManifest.xml:153:13-35
166            android:windowSoftInputMode="stateHidden" />
166-->src\main\AndroidManifest.xml:154:13-54
167        <activity
167-->src\main\AndroidManifest.xml:155:9-160:58
168            android:name="com.pinkcar.providers.ui.activities.login.ChangePassword"
168-->src\main\AndroidManifest.xml:156:13-84
169            android:label="@string/app_name"
169-->src\main\AndroidManifest.xml:157:13-45
170            android:screenOrientation="portrait"
170-->src\main\AndroidManifest.xml:158:13-49
171            android:theme="@style/AppTheme.NoActionBar"
171-->src\main\AndroidManifest.xml:159:13-56
172            android:windowSoftInputMode="adjustResize" />
172-->src\main\AndroidManifest.xml:160:13-55
173        <activity
173-->src\main\AndroidManifest.xml:161:9-166:58
174            android:name="com.pinkcar.providers.ui.activities.CustomGooglePlacesSearch"
174-->src\main\AndroidManifest.xml:162:13-88
175            android:label="@string/app_name"
175-->src\main\AndroidManifest.xml:163:13-45
176            android:screenOrientation="portrait"
176-->src\main\AndroidManifest.xml:164:13-49
177            android:theme="@style/AppTheme.NoActionBar"
177-->src\main\AndroidManifest.xml:165:13-56
178            android:windowSoftInputMode="adjustResize" />
178-->src\main\AndroidManifest.xml:166:13-55
179
180        <service android:name="com.pinkcar.providers.fcm.FCMService" >
180-->src\main\AndroidManifest.xml:168:9-172:19
180-->src\main\AndroidManifest.xml:168:18-69
181            <intent-filter>
181-->src\main\AndroidManifest.xml:169:13-171:29
182                <action android:name="com.google.firebase.MESSAGING_EVENT" />
182-->src\main\AndroidManifest.xml:170:17-78
182-->src\main\AndroidManifest.xml:170:25-75
183            </intent-filter>
184        </service>
185
186        <meta-data
186-->src\main\AndroidManifest.xml:173:9-175:71
187            android:name="com.google.firebase.messaging.default_notification_channel_id"
187-->src\main\AndroidManifest.xml:174:13-89
188            android:value="@string/default_notification_channel_id" />
188-->src\main\AndroidManifest.xml:175:13-68
189
190        <receiver
190-->src\main\AndroidManifest.xml:177:9-179:39
191            android:name="com.pinkcar.providers.fcm.MyBroadcastReceiver"
191-->src\main\AndroidManifest.xml:178:13-73
192            android:exported="true" />
192-->src\main\AndroidManifest.xml:179:13-36
193
194        <meta-data
194-->src\main\AndroidManifest.xml:181:9-183:48
195            android:name="com.facebook.accountkit.ApplicationName"
195-->src\main\AndroidManifest.xml:182:13-67
196            android:value="@string/app_name" />
196-->src\main\AndroidManifest.xml:183:13-45
197        <meta-data
197-->src\main\AndroidManifest.xml:186:9-188:55
198            android:name="com.facebook.sdk.ApplicationId"
198-->src\main\AndroidManifest.xml:187:13-58
199            android:value="@string/facebook_app_id" />
199-->src\main\AndroidManifest.xml:188:13-52
200
201        <activity
201-->src\main\AndroidManifest.xml:190:9-193:48
202            android:name="com.facebook.FacebookActivity"
202-->src\main\AndroidManifest.xml:191:13-57
203            android:configChanges="keyboard|keyboardHidden|screenLayout|screenSize|orientation"
203-->src\main\AndroidManifest.xml:192:13-96
204            android:label="@string/app_name"
204-->src\main\AndroidManifest.xml:193:13-45
205            android:theme="@style/com_facebook_activity_theme" />
205-->[com.facebook.android:facebook-common:5.11.2] AndroidManifest.xml:32:13-63
206        <activity
206-->src\main\AndroidManifest.xml:194:9-206:20
207            android:name="com.facebook.CustomTabActivity"
207-->src\main\AndroidManifest.xml:195:13-58
208            android:exported="true" >
208-->src\main\AndroidManifest.xml:196:13-36
209            <intent-filter>
209-->src\main\AndroidManifest.xml:197:13-205:29
210                <action android:name="android.intent.action.VIEW" />
210-->src\main\AndroidManifest.xml:198:17-69
210-->src\main\AndroidManifest.xml:198:25-66
211
212                <category android:name="android.intent.category.DEFAULT" />
212-->src\main\AndroidManifest.xml:62:17-76
212-->src\main\AndroidManifest.xml:62:27-73
213                <category android:name="android.intent.category.BROWSABLE" />
213-->src\main\AndroidManifest.xml:201:17-78
213-->src\main\AndroidManifest.xml:201:27-75
214
215                <data android:scheme="@string/fb_login_protocol_scheme" />
215-->src\main\AndroidManifest.xml:203:17-204:55
215-->src\main\AndroidManifest.xml:203:23-72
216            </intent-filter>
217        </activity>
218        <activity
218-->src\main\AndroidManifest.xml:209:9-213:59
219            android:name="com.pinkcar.providers.ui.activities.SosCallActivity"
219-->src\main\AndroidManifest.xml:210:13-79
220            android:hardwareAccelerated="false"
220-->src\main\AndroidManifest.xml:211:13-48
221            android:screenOrientation="portrait"
221-->src\main\AndroidManifest.xml:212:13-49
222            android:theme="@style/AppTheme.NoActionBar" />
222-->src\main\AndroidManifest.xml:213:13-56
223        <activity
223-->src\main\AndroidManifest.xml:214:9-218:59
224            android:name="com.pinkcar.providers.ui.activities.ComplaintsAcivity"
224-->src\main\AndroidManifest.xml:215:13-81
225            android:hardwareAccelerated="false"
225-->src\main\AndroidManifest.xml:216:13-48
226            android:screenOrientation="portrait"
226-->src\main\AndroidManifest.xml:217:13-49
227            android:theme="@style/AppTheme.NoActionBar" />
227-->src\main\AndroidManifest.xml:218:13-56
228        <activity
228-->src\main\AndroidManifest.xml:219:9-222:59
229            android:name="com.pinkcar.providers.ui.activities.LegalActivity"
229-->src\main\AndroidManifest.xml:220:13-77
230            android:hardwareAccelerated="false"
230-->src\main\AndroidManifest.xml:221:13-48
231            android:theme="@style/AppTheme.NoActionBar" />
231-->src\main\AndroidManifest.xml:222:13-56
232        <activity
232-->src\main\AndroidManifest.xml:223:9-227:59
233            android:name="com.pinkcar.providers.ui.activities.TermsOfUseActivity"
233-->src\main\AndroidManifest.xml:224:13-82
234            android:hardwareAccelerated="false"
234-->src\main\AndroidManifest.xml:225:13-48
235            android:screenOrientation="portrait"
235-->src\main\AndroidManifest.xml:226:13-49
236            android:theme="@style/AppTheme.NoActionBar" />
236-->src\main\AndroidManifest.xml:227:13-56
237        <activity
237-->src\main\AndroidManifest.xml:228:9-232:59
238            android:name="com.pinkcar.providers.ui.activities.PrivacyPolicyActivity"
238-->src\main\AndroidManifest.xml:229:13-85
239            android:hardwareAccelerated="false"
239-->src\main\AndroidManifest.xml:230:13-48
240            android:screenOrientation="portrait"
240-->src\main\AndroidManifest.xml:231:13-49
241            android:theme="@style/AppTheme.NoActionBar" />
241-->src\main\AndroidManifest.xml:232:13-56
242        <activity
242-->src\main\AndroidManifest.xml:233:9-237:59
243            android:name="com.pinkcar.providers.ui.activities.UpdateProfile"
243-->src\main\AndroidManifest.xml:234:13-77
244            android:hardwareAccelerated="false"
244-->src\main\AndroidManifest.xml:235:13-48
245            android:screenOrientation="portrait"
245-->src\main\AndroidManifest.xml:236:13-49
246            android:theme="@style/AppTheme.NoActionBar" />
246-->src\main\AndroidManifest.xml:237:13-56
247        <activity
247-->src\main\AndroidManifest.xml:238:9-243:58
248            android:name="com.pinkcar.providers.ui.activities.WaitingForApproval"
248-->src\main\AndroidManifest.xml:239:13-82
249            android:label="@string/app_name"
249-->src\main\AndroidManifest.xml:240:13-45
250            android:screenOrientation="portrait"
250-->src\main\AndroidManifest.xml:241:13-49
251            android:theme="@style/AppTheme.NoActionBar"
251-->src\main\AndroidManifest.xml:242:13-56
252            android:windowSoftInputMode="adjustResize" />
252-->src\main\AndroidManifest.xml:243:13-55
253        <activity
253-->src\main\AndroidManifest.xml:244:9-248:59
254            android:name="com.pinkcar.providers.ui.activities.FavouritePlaceSearch"
254-->src\main\AndroidManifest.xml:245:13-84
255            android:hardwareAccelerated="false"
255-->src\main\AndroidManifest.xml:246:13-48
256            android:screenOrientation="portrait"
256-->src\main\AndroidManifest.xml:247:13-49
257            android:theme="@style/AppTheme.NoActionBar" />
257-->src\main\AndroidManifest.xml:248:13-56
258        <activity
258-->src\main\AndroidManifest.xml:249:9-253:59
259            android:name="com.pinkcar.providers.ui.activities.DocumentUpload"
259-->src\main\AndroidManifest.xml:250:13-78
260            android:configChanges="orientation|keyboardHidden"
260-->src\main\AndroidManifest.xml:251:13-63
261            android:screenOrientation="portrait"
261-->src\main\AndroidManifest.xml:252:13-49
262            android:theme="@style/AppTheme.NoActionBar" />
262-->src\main\AndroidManifest.xml:253:13-56
263        <activity
263-->src\main\AndroidManifest.xml:256:9-260:59
264            android:name="com.pinkcar.providers.ui.activities.TrackActivity"
264-->src\main\AndroidManifest.xml:257:13-77
265            android:configChanges="orientation|keyboardHidden"
265-->src\main\AndroidManifest.xml:258:13-63
266            android:screenOrientation="portrait"
266-->src\main\AndroidManifest.xml:259:13-49
267            android:theme="@style/AppTheme.NoActionBar" />
267-->src\main\AndroidManifest.xml:260:13-56
268        <activity
268-->src\main\AndroidManifest.xml:261:9-264:59
269            android:name="com.pinkcar.providers.ui.activities.Profile"
269-->src\main\AndroidManifest.xml:262:13-71
270            android:configChanges="orientation|keyboardHidden"
270-->src\main\AndroidManifest.xml:263:13-63
271            android:theme="@style/AppTheme.NoActionBar" />
271-->src\main\AndroidManifest.xml:264:13-56
272        <activity
272-->src\main\AndroidManifest.xml:265:9-269:59
273            android:name="com.pinkcar.providers.ui.activities.EarningActivity"
273-->src\main\AndroidManifest.xml:266:13-79
274            android:configChanges="orientation|keyboardHidden"
274-->src\main\AndroidManifest.xml:267:13-63
275            android:screenOrientation="portrait"
275-->src\main\AndroidManifest.xml:268:13-49
276            android:theme="@style/AppTheme.NoActionBar" />
276-->src\main\AndroidManifest.xml:269:13-56
277
278        <provider
279            android:name="androidx.core.content.FileProvider"
279-->src\main\AndroidManifest.xml:272:13-62
280            android:authorities="com.pinkcar.providers.provider"
280-->src\main\AndroidManifest.xml:273:13-60
281            android:exported="false"
281-->src\main\AndroidManifest.xml:274:13-37
282            android:grantUriPermissions="true" >
282-->src\main\AndroidManifest.xml:275:13-47
283            <meta-data
283-->src\main\AndroidManifest.xml:276:13-278:54
284                android:name="android.support.FILE_PROVIDER_PATHS"
284-->src\main\AndroidManifest.xml:277:17-67
285                android:resource="@xml/file_paths" />
285-->src\main\AndroidManifest.xml:278:17-51
286        </provider>
287
288        <activity
288-->[com.stripe:stripe-android:9.0.1] AndroidManifest.xml:12:9-15:58
289            android:name="com.stripe.android.view.AddSourceActivity"
289-->[com.stripe:stripe-android:9.0.1] AndroidManifest.xml:13:13-69
290            android:theme="@style/StripeDefaultTheme"
290-->[com.stripe:stripe-android:9.0.1] AndroidManifest.xml:14:13-54
291            android:windowSoftInputMode="stateVisible" />
291-->[com.stripe:stripe-android:9.0.1] AndroidManifest.xml:15:13-55
292        <activity
292-->[com.stripe:stripe-android:9.0.1] AndroidManifest.xml:16:9-18:57
293            android:name="com.stripe.android.view.PaymentMethodsActivity"
293-->[com.stripe:stripe-android:9.0.1] AndroidManifest.xml:17:13-74
294            android:theme="@style/StripeDefaultTheme" />
294-->[com.stripe:stripe-android:9.0.1] AndroidManifest.xml:18:13-54
295        <activity
295-->[com.stripe:stripe-android:9.0.1] AndroidManifest.xml:19:9-21:57
296            android:name="com.stripe.android.view.PaymentFlowActivity"
296-->[com.stripe:stripe-android:9.0.1] AndroidManifest.xml:20:13-71
297            android:theme="@style/StripeDefaultTheme" />
297-->[com.stripe:stripe-android:9.0.1] AndroidManifest.xml:21:13-54
298        <activity
298-->[com.stripe:stripe-android:9.0.1] AndroidManifest.xml:22:9-24:57
299            android:name="com.stripe.android.view.AuthWebViewActivity"
299-->[com.stripe:stripe-android:9.0.1] AndroidManifest.xml:23:13-71
300            android:theme="@style/StripeDefaultTheme" />
300-->[com.stripe:stripe-android:9.0.1] AndroidManifest.xml:24:13-54
301        <activity
301-->[com.vincent.filepicker:MultiTypeFilePicker:1.0.8] AndroidManifest.xml:17:9-20:57
302            android:name="com.vincent.filepicker.activity.ImagePickActivity"
302-->[com.vincent.filepicker:MultiTypeFilePicker:1.0.8] AndroidManifest.xml:18:13-77
303            android:screenOrientation="portrait"
303-->[com.vincent.filepicker:MultiTypeFilePicker:1.0.8] AndroidManifest.xml:19:13-49
304            android:theme="@style/vw_FilePickerTheme" />
304-->[com.vincent.filepicker:MultiTypeFilePicker:1.0.8] AndroidManifest.xml:20:13-54
305        <activity
305-->[com.vincent.filepicker:MultiTypeFilePicker:1.0.8] AndroidManifest.xml:21:9-25:57
306            android:name="com.vincent.filepicker.activity.ImageBrowserActivity"
306-->[com.vincent.filepicker:MultiTypeFilePicker:1.0.8] AndroidManifest.xml:22:13-80
307            android:hardwareAccelerated="false"
307-->[com.vincent.filepicker:MultiTypeFilePicker:1.0.8] AndroidManifest.xml:23:13-48
308            android:screenOrientation="portrait"
308-->[com.vincent.filepicker:MultiTypeFilePicker:1.0.8] AndroidManifest.xml:24:13-49
309            android:theme="@style/vw_FilePickerTheme" />